{
  "RSpec": {
    "coverage": {
      "/Users/brad/Documents/Turing/Mod3/projects/viewing_party_lite/app/helpers/application_helper.rb": {
        "lines": [
          1,
          null
        ]
      },
      "/Users/brad/Documents/Turing/Mod3/projects/viewing_party_lite/app/facades/movie_facade.rb": {
        "lines": [
          1,
          1,
          null,
          1,
          5,
          null,
          null,
          1,
          3,
          60,
          null,
          null,
          null,
          1,
          3,
          60,
          null,
          null,
          null,
          1,
          2,
          null,
          null,
          1,
          null,
          1,
          null,
          null,
          1,
          5,
          null,
          null
        ]
      },
      "/Users/brad/Documents/Turing/Mod3/projects/viewing_party_lite/app/services/movie_service.rb": {
        "lines": [
          1,
          null,
          1,
          13,
          null,
          null,
          1,
          3,
          null,
          3,
          null,
          3,
          null,
          null,
          1,
          3,
          null,
          3,
          null,
          3,
          null,
          3,
          null,
          null,
          1,
          2,
          null,
          2,
          null,
          2,
          null,
          null,
          1,
          5,
          null,
          5,
          null,
          5,
          null,
          5,
          null,
          null
        ]
      },
      "/Users/brad/Documents/Turing/Mod3/projects/viewing_party_lite/app/poros/movie.rb": {
        "lines": [
          1,
          null,
          1,
          null,
          null,
          null,
          null,
          null,
          null,
          null,
          1,
          122,
          122,
          122,
          122,
          122,
          122,
          122,
          null,
          null,
          1,
          0,
          0,
          0,
          null,
          null,
          1,
          0,
          0,
          0,
          0,
          null,
          0,
          null,
          null,
          null
        ]
      },
      "/Users/brad/Documents/Turing/Mod3/projects/viewing_party_lite/app/models/party.rb": {
        "lines": [
          0,
          0,
          0,
          0,
          0,
          0,
          0,
          0
        ],
        "branches": {
        }
      },
      "/Users/brad/Documents/Turing/Mod3/projects/viewing_party_lite/app/models/invite.rb": {
        "lines": [
          0,
          0,
          0,
          0,
          0
        ],
        "branches": {
        }
      },
      "/Users/brad/Documents/Turing/Mod3/projects/viewing_party_lite/app/models/application_record.rb": {
        "lines": [
          0,
          0,
          0
        ],
        "branches": {
        }
      },
      "/Users/brad/Documents/Turing/Mod3/projects/viewing_party_lite/app/models/user.rb": {
        "lines": [
          0,
          0,
          0,
          0,
          0,
          0
        ],
        "branches": {
        }
      },
      "/Users/brad/Documents/Turing/Mod3/projects/viewing_party_lite/app/poros/cast_member.rb": {
        "lines": [
          0,
          0,
          0,
          null,
          0,
          0,
          0,
          0,
          0
        ],
        "branches": {
        }
      },
      "/Users/brad/Documents/Turing/Mod3/projects/viewing_party_lite/app/poros/review.rb": {
        "lines": [
          0,
          0,
          0,
          null,
          0,
          0,
          0,
          0,
          0
        ],
        "branches": {
        }
      },
      "/Users/brad/Documents/Turing/Mod3/projects/viewing_party_lite/app/controllers/application_controller.rb": {
        "lines": [
          0,
          0
        ],
        "branches": {
        }
      },
      "/Users/brad/Documents/Turing/Mod3/projects/viewing_party_lite/app/controllers/landing_controller.rb": {
        "lines": [
          0,
          0,
          null,
          0,
          0,
          0,
          0
        ],
        "branches": {
        }
      },
      "/Users/brad/Documents/Turing/Mod3/projects/viewing_party_lite/app/controllers/movies_controller.rb": {
        "lines": [
          0,
          0,
          0,
          null,
          0,
          null,
          0,
          0,
          0,
          0,
          0,
          0,
          0,
          null,
          0,
          0,
          0,
          null,
          0,
          null,
          0,
          0,
          0,
          null,
          0,
          0,
          0,
          0
        ],
        "branches": {
        }
      },
      "/Users/brad/Documents/Turing/Mod3/projects/viewing_party_lite/app/controllers/users_controller.rb": {
        "lines": [
          0,
          0,
          0,
          null,
          0,
          0,
          0,
          0,
          0,
          0,
          0,
          0,
          0,
          0,
          null,
          0,
          0,
          0,
          null,
          0,
          null,
          0,
          0,
          0,
          0
        ],
        "branches": {
        }
      },
      "/Users/brad/Documents/Turing/Mod3/projects/viewing_party_lite/app/controllers/parties_controller.rb": {
        "lines": [
          0,
          0,
          0,
          null,
          0,
          0,
          0,
          null,
          0,
          0,
          null,
          0,
          0,
          0,
          null,
          0,
          0,
          null,
          0,
          null,
          0,
          0,
          0,
          null,
          0,
          0,
          0,
          null,
          0,
          0,
          0,
          null,
          0,
          0,
          0,
          0
        ],
        "branches": {
        }
      }
    },
    "timestamp": 1644298013
  }
}
