{
  "RSpec": {
    "coverage": {
      "/Users/brad/Documents/Turing/Mod3/projects/viewing_party_lite/app/helpers/application_helper.rb": {
        "lines": [
          1,
          null
        ]
      },
      "/Users/brad/Documents/Turing/Mod3/projects/viewing_party_lite/app/models/invite.rb": {
        "lines": [
          1,
          1,
          null,
          1,
          null
        ]
      },
      "/Users/brad/Documents/Turing/Mod3/projects/viewing_party_lite/app/models/application_record.rb": {
        "lines": [
          1,
          1,
          null
        ]
      },
      "/Users/brad/Documents/Turing/Mod3/projects/viewing_party_lite/app/models/party.rb": {
        "lines": [
          1,
          1,
          null,
          null,
          null,
          1,
          1,
          null
        ]
      },
      "/Users/brad/Documents/Turing/Mod3/projects/viewing_party_lite/app/models/user.rb": {
        "lines": [
          1,
          1,
          null,
          1,
          1,
          null
        ]
      },
      "/Users/brad/Documents/Turing/Mod3/projects/viewing_party_lite/app/controllers/landing_controller.rb": {
        "lines": [
          1,
          1,
          null,
          1,
          9,
          null,
          null
        ]
      },
      "/Users/brad/Documents/Turing/Mod3/projects/viewing_party_lite/app/controllers/application_controller.rb": {
        "lines": [
          1,
          null
        ]
      },
      "/Users/brad/Documents/Turing/Mod3/projects/viewing_party_lite/app/controllers/users_controller.rb": {
        "lines": [
          1,
          null,
          1,
          3,
          null,
          3,
          1,
          1,
          2,
          1,
          null,
          1,
          1,
          null,
          null,
          null,
          1,
          4,
          null,
          null,
          1,
          null,
          1,
          3,
          null,
          null
        ]
      },
      "/Users/brad/Documents/Turing/Mod3/projects/viewing_party_lite/app/controllers/movies_controller.rb": {
        "lines": [
          1,
          1,
          1,
          null,
          1,
          null,
          null,
          null,
          null,
          1,
          null,
          null,
          10,
          5,
          5,
          5,
          null,
          null,
          null,
          1,
          null,
          null,
          1,
          null,
          1,
          20,
          null,
          null,
          1,
          23,
          null,
          null
        ]
      },
      "/Users/brad/Documents/Turing/Mod3/projects/viewing_party_lite/app/facades/movie_facade.rb": {
        "lines": [
          1,
          1,
          null,
          1,
          20,
          null,
          null,
          1,
          5,
          100,
          null,
          null,
          null,
          1,
          5,
          100,
          null,
          null,
          null,
          1,
          30,
          null,
          null
        ]
      },
      "/Users/brad/Documents/Turing/Mod3/projects/viewing_party_lite/app/services/movie_service.rb": {
        "lines": [
          1,
          null,
          1,
          10,
          null,
          null,
          1,
          5,
          null,
          5,
          null,
          5,
          null,
          null,
          1,
          5,
          null,
          5,
          null,
          5,
          null,
          5,
          null,
          null
        ]
      },
      "/Users/brad/Documents/Turing/Mod3/projects/viewing_party_lite/app/poros/movie.rb": {
        "lines": [
          1,
          null,
          1,
          null,
          null,
          null,
          1,
          203,
          203,
          203,
          null,
          203,
          203,
          203,
          null,
          null,
          null
        ]
      },
      "/Users/brad/Documents/Turing/Mod3/projects/viewing_party_lite/app/mailers/application_mailer.rb": {
        "lines": [
          0,
          0,
          0,
          0
        ],
        "branches": {
        }
      },
      "/Users/brad/Documents/Turing/Mod3/projects/viewing_party_lite/app/jobs/application_job.rb": {
        "lines": [
          0,
          0
        ],
        "branches": {
        }
      },
      "/Users/brad/Documents/Turing/Mod3/projects/viewing_party_lite/app/channels/application_cable/connection.rb": {
        "lines": [
          0,
          0,
          0,
          0
        ],
        "branches": {
        }
      },
      "/Users/brad/Documents/Turing/Mod3/projects/viewing_party_lite/app/channels/application_cable/channel.rb": {
        "lines": [
          0,
          0,
          0,
          0
        ],
        "branches": {
        }
      }
    },
    "timestamp": 1643927726
  }
}
